<?xml version="1.0" encoding="UTF-8"?>
<!-- Generated by org.testng.reporters.JUnitReportReporter -->
<testsuite hostname="DESKTOP-O1RHDTI" failures="0" tests="1" name="com.tatacliq.GetProductsDetailsTest.GetProductDetailsTest" time="23.166" errors="0" timestamp="29 Aug 2022 21:40:13 GMT" skipped="0">
  <testcase classname="com.tatacliq.GetProductsDetailsTest.GetProductDetailsTest" name="getProductDetailsTest" time="23.166"/>
</testsuite> <!-- com.tatacliq.GetProductsDetailsTest.GetProductDetailsTest -->
